2015-01-14 16:40:09.482 Ayla[1212:94306] DiskCookieStorage changing policy from 2 to 0, cookie file: file:///Users/iramadas/Library/Developer/CoreSimulator/Devices/2BF7D127-D905-4E4B-85BE-B09D614413E0/data/Containers/Data/Application/93E43C37-1DE4-4557-84CE-36D6AD04B935/Library/Cookies/Cookies.binarycookies
2015-01-14 16:40:09.736 Ayla[1212:94306] Apache Cordova native platform version 3.7.0 is starting.
2015-01-14 16:40:09.737 Ayla[1212:94306] Multi-tasking -> Device: YES, App: YES
2015-01-14 16:40:09.751 Ayla[1212:94306] Unlimited access to network resources
2015-01-14 16:40:09.761 Ayla[1212:94306] 

Started backup to iCloud! Please be careful.
Your application might be rejected by Apple if you store too much data.
For more information please read "iOS Data Storage Guidelines" at:
https://developer.apple.com/icloud/documentation/data-storage/
To disable web storage backup to iCloud, set the BackupWebStorage preference to "local" in the Cordova config.xml file

2015-01-14 16:40:11.296 Ayla[1212:94306] Resetting plugins due to page load.
2015-01-14 16:40:11.429 Ayla[1212:94306] Finished load of: file:///Users/iramadas/Library/Developer/CoreSimulator/Devices/2BF7D127-D905-4E4B-85BE-B09D614413E0/data/Containers/Bundle/Application/E97D9A50-85D3-4786-B7ED-3A0223168F4C/Ayla.app/www/index.html
2015-01-28 12:32:44.190 Ayla[1547:306992] DiskCookieStorage changing policy from 2 to 0, cookie file: file:///Users/iramadas/Library/Developer/CoreSimulator/Devices/2BF7D127-D905-4E4B-85BE-B09D614413E0/data/Containers/Data/Application/A7EBC81C-D95E-421E-A152-E5663E1FBD21/Library/Cookies/Cookies.binarycookies
2015-01-28 12:32:44.431 Ayla[1547:306992] Apache Cordova native platform version 3.7.0 is starting.
2015-01-28 12:32:44.432 Ayla[1547:306992] Multi-tasking -> Device: YES, App: YES
2015-01-28 12:32:44.448 Ayla[1547:306992] Unlimited access to network resources
2015-01-28 12:32:44.458 Ayla[1547:306992] 

Started backup to iCloud! Please be careful.
Your application might be rejected by Apple if you store too much data.
For more information please read "iOS Data Storage Guidelines" at:
https://developer.apple.com/icloud/documentation/data-storage/
To disable web storage backup to iCloud, set the BackupWebStorage preference to "local" in the Cordova config.xml file

2015-01-28 12:32:45.171 Ayla[1547:306992] Resetting plugins due to page load.
2015-01-28 12:32:45.292 Ayla[1547:306992] Finished load of: file:///Users/iramadas/Library/Developer/CoreSimulator/Devices/2BF7D127-D905-4E4B-85BE-B09D614413E0/data/Containers/Bundle/Application/9BCB03A0-2CC1-49D2-976C-5182BF622345/Ayla.app/www/app.html
2015-01-28 12:36:37.916 Ayla[1804:331340] DiskCookieStorage changing policy from 2 to 0, cookie file: file:///Users/iramadas/Library/Developer/CoreSimulator/Devices/2BF7D127-D905-4E4B-85BE-B09D614413E0/data/Containers/Data/Application/DF51EC62-D576-484C-8A92-62E52B0F384D/Library/Cookies/Cookies.binarycookies
2015-01-28 12:36:38.061 Ayla[1804:331340] Apache Cordova native platform version 3.7.0 is starting.
2015-01-28 12:36:38.062 Ayla[1804:331340] Multi-tasking -> Device: YES, App: YES
2015-01-28 12:36:38.065 Ayla[1804:331340] Unlimited access to network resources
2015-01-28 12:36:38.068 Ayla[1804:331340] 

Started backup to iCloud! Please be careful.
Your application might be rejected by Apple if you store too much data.
For more information please read "iOS Data Storage Guidelines" at:
https://developer.apple.com/icloud/documentation/data-storage/
To disable web storage backup to iCloud, set the BackupWebStorage preference to "local" in the Cordova config.xml file

2015-01-28 12:36:38.428 Ayla[1804:331340] Resetting plugins due to page load.
2015-01-28 12:36:38.483 Ayla[1804:331340] Finished load of: file:///Users/iramadas/Library/Developer/CoreSimulator/Devices/2BF7D127-D905-4E4B-85BE-B09D614413E0/data/Containers/Bundle/Application/934A32F4-6C92-4E8D-82A1-3D1212DF5A94/Ayla.app/www/app.html
2015-01-28 12:36:53.449 Ayla[1982:333399] DiskCookieStorage changing policy from 2 to 0, cookie file: file:///Users/iramadas/Library/Developer/CoreSimulator/Devices/2BF7D127-D905-4E4B-85BE-B09D614413E0/data/Containers/Data/Application/EC0777C0-21F3-4FFF-89C1-95D742572144/Library/Cookies/Cookies.binarycookies
2015-01-28 12:36:53.563 Ayla[1982:333399] Apache Cordova native platform version 3.7.0 is starting.
2015-01-28 12:36:53.563 Ayla[1982:333399] Multi-tasking -> Device: YES, App: YES
2015-01-28 12:36:53.565 Ayla[1982:333399] Unlimited access to network resources
2015-01-28 12:36:53.567 Ayla[1982:333399] 

Started backup to iCloud! Please be careful.
Your application might be rejected by Apple if you store too much data.
For more information please read "iOS Data Storage Guidelines" at:
https://developer.apple.com/icloud/documentation/data-storage/
To disable web storage backup to iCloud, set the BackupWebStorage preference to "local" in the Cordova config.xml file

2015-01-28 12:36:53.876 Ayla[1982:333399] Resetting plugins due to page load.
2015-01-28 12:36:53.920 Ayla[1982:333399] Finished load of: file:///Users/iramadas/Library/Developer/CoreSimulator/Devices/2BF7D127-D905-4E4B-85BE-B09D614413E0/data/Containers/Bundle/Application/4D003C40-8664-40F5-A084-8338883FB51A/Ayla.app/www/app.html
2015-01-28 12:38:59.530 Ayla[2233:345528] DiskCookieStorage changing policy from 2 to 0, cookie file: file:///Users/iramadas/Library/Developer/CoreSimulator/Devices/2BF7D127-D905-4E4B-85BE-B09D614413E0/data/Containers/Data/Application/53736441-C02E-43C9-B0BE-C8E4A9D0233E/Library/Cookies/Cookies.binarycookies
2015-01-28 12:38:59.727 Ayla[2233:345528] Apache Cordova native platform version 3.7.0 is starting.
2015-01-28 12:38:59.728 Ayla[2233:345528] Multi-tasking -> Device: YES, App: YES
2015-01-28 12:38:59.730 Ayla[2233:345528] Unlimited access to network resources
2015-01-28 12:38:59.733 Ayla[2233:345528] 

Started backup to iCloud! Please be careful.
Your application might be rejected by Apple if you store too much data.
For more information please read "iOS Data Storage Guidelines" at:
https://developer.apple.com/icloud/documentation/data-storage/
To disable web storage backup to iCloud, set the BackupWebStorage preference to "local" in the Cordova config.xml file

2015-01-28 12:39:00.133 Ayla[2233:345528] Resetting plugins due to page load.
2015-01-28 12:39:00.399 Ayla[2233:345528] Finished load of: file:///Users/iramadas/Library/Developer/CoreSimulator/Devices/2BF7D127-D905-4E4B-85BE-B09D614413E0/data/Containers/Bundle/Application/65EE39AC-65AF-4E2A-92F5-97832D31B214/Ayla.app/www/app.html
2015-01-28 12:39:17.579 Ayla[2416:347663] DiskCookieStorage changing policy from 2 to 0, cookie file: file:///Users/iramadas/Library/Developer/CoreSimulator/Devices/2BF7D127-D905-4E4B-85BE-B09D614413E0/data/Containers/Data/Application/01C09A67-1185-4EB2-9CD0-B084CA561863/Library/Cookies/Cookies.binarycookies
2015-01-28 12:39:17.704 Ayla[2416:347663] Apache Cordova native platform version 3.7.0 is starting.
2015-01-28 12:39:17.705 Ayla[2416:347663] Multi-tasking -> Device: YES, App: YES
2015-01-28 12:39:17.708 Ayla[2416:347663] Unlimited access to network resources
2015-01-28 12:39:17.711 Ayla[2416:347663] 

Started backup to iCloud! Please be careful.
Your application might be rejected by Apple if you store too much data.
For more information please read "iOS Data Storage Guidelines" at:
https://developer.apple.com/icloud/documentation/data-storage/
To disable web storage backup to iCloud, set the BackupWebStorage preference to "local" in the Cordova config.xml file

2015-01-28 12:39:18.004 Ayla[2416:347663] Resetting plugins due to page load.
2015-01-28 12:39:18.173 Ayla[2416:347663] Finished load of: file:///Users/iramadas/Library/Developer/CoreSimulator/Devices/2BF7D127-D905-4E4B-85BE-B09D614413E0/data/Containers/Bundle/Application/E31EECDC-6645-46A4-8CEA-A1DBB14974D2/Ayla.app/www/app.html
2015-01-28 16:12:49.851 Ayla[3995:632358] DiskCookieStorage changing policy from 2 to 0, cookie file: file:///Users/iramadas/Library/Developer/CoreSimulator/Devices/2BF7D127-D905-4E4B-85BE-B09D614413E0/data/Containers/Data/Application/B0F531A9-A12B-415B-8875-9FA949967017/Library/Cookies/Cookies.binarycookies
2015-01-28 16:12:50.034 Ayla[3995:632358] Apache Cordova native platform version 3.7.0 is starting.
2015-01-28 16:12:50.035 Ayla[3995:632358] Multi-tasking -> Device: YES, App: YES
2015-01-28 16:12:50.046 Ayla[3995:632358] Unlimited access to network resources
2015-01-28 16:12:50.054 Ayla[3995:632358] 

Started backup to iCloud! Please be careful.
Your application might be rejected by Apple if you store too much data.
For more information please read "iOS Data Storage Guidelines" at:
https://developer.apple.com/icloud/documentation/data-storage/
To disable web storage backup to iCloud, set the BackupWebStorage preference to "local" in the Cordova config.xml file

2015-01-28 16:12:50.590 Ayla[3995:632358] Resetting plugins due to page load.
2015-01-28 16:12:50.927 Ayla[3995:632358] Finished load of: file:///Users/iramadas/Library/Developer/CoreSimulator/Devices/2BF7D127-D905-4E4B-85BE-B09D614413E0/data/Containers/Bundle/Application/8496BF3F-D03B-4BE9-9882-862AE9BB4434/Ayla.app/www/app.html
2015-01-28 16:21:04.695 Ayla[4567:675120] DiskCookieStorage changing policy from 2 to 0, cookie file: file:///Users/iramadas/Library/Developer/CoreSimulator/Devices/2BF7D127-D905-4E4B-85BE-B09D614413E0/data/Containers/Data/Application/AF4CAE30-04BD-448C-8C9B-93125ABE6514/Library/Cookies/Cookies.binarycookies
2015-01-28 16:21:04.911 Ayla[4567:675120] Apache Cordova native platform version 3.7.0 is starting.
2015-01-28 16:21:04.911 Ayla[4567:675120] Multi-tasking -> Device: YES, App: YES
2015-01-28 16:21:04.922 Ayla[4567:675120] Unlimited access to network resources
2015-01-28 16:21:04.929 Ayla[4567:675120] 

Started backup to iCloud! Please be careful.
Your application might be rejected by Apple if you store too much data.
For more information please read "iOS Data Storage Guidelines" at:
https://developer.apple.com/icloud/documentation/data-storage/
To disable web storage backup to iCloud, set the BackupWebStorage preference to "local" in the Cordova config.xml file

2015-01-28 16:21:05.561 Ayla[4567:675120] Resetting plugins due to page load.
2015-01-28 16:21:05.852 Ayla[4567:675120] Finished load of: file:///Users/iramadas/Library/Developer/CoreSimulator/Devices/2BF7D127-D905-4E4B-85BE-B09D614413E0/data/Containers/Bundle/Application/984B050C-E35F-4CA6-A658-FDC94CE49FD2/Ayla.app/www/app.html
2015-01-28 16:24:25.552 Ayla[4774:693280] DiskCookieStorage changing policy from 2 to 0, cookie file: file:///Users/iramadas/Library/Developer/CoreSimulator/Devices/2BF7D127-D905-4E4B-85BE-B09D614413E0/data/Containers/Data/Application/81551E71-C28D-4B84-96F2-7A801945D4D4/Library/Cookies/Cookies.binarycookies
2015-01-28 16:24:25.679 Ayla[4774:693280] Apache Cordova native platform version 3.7.0 is starting.
2015-01-28 16:24:25.679 Ayla[4774:693280] Multi-tasking -> Device: YES, App: YES
2015-01-28 16:24:25.682 Ayla[4774:693280] Unlimited access to network resources
2015-01-28 16:24:25.684 Ayla[4774:693280] 

Started backup to iCloud! Please be careful.
Your application might be rejected by Apple if you store too much data.
For more information please read "iOS Data Storage Guidelines" at:
https://developer.apple.com/icloud/documentation/data-storage/
To disable web storage backup to iCloud, set the BackupWebStorage preference to "local" in the Cordova config.xml file

2015-01-28 16:24:25.972 Ayla[4774:693280] Resetting plugins due to page load.
2015-01-28 16:24:26.133 Ayla[4774:693280] Finished load of: file:///Users/iramadas/Library/Developer/CoreSimulator/Devices/2BF7D127-D905-4E4B-85BE-B09D614413E0/data/Containers/Bundle/Application/6C31AD2E-1D44-4605-BEF4-2B5E2706B4C0/Ayla.app/www/app.html
2015-01-28 16:25:23.575 Ayla[4973:700202] DiskCookieStorage changing policy from 2 to 0, cookie file: file:///Users/iramadas/Library/Developer/CoreSimulator/Devices/2BF7D127-D905-4E4B-85BE-B09D614413E0/data/Containers/Data/Application/A6441579-8131-4B1D-AA47-A5B0066E65FF/Library/Cookies/Cookies.binarycookies
2015-01-28 16:25:23.682 Ayla[4973:700202] Apache Cordova native platform version 3.7.0 is starting.
2015-01-28 16:25:23.683 Ayla[4973:700202] Multi-tasking -> Device: YES, App: YES
2015-01-28 16:25:23.684 Ayla[4973:700202] Unlimited access to network resources
2015-01-28 16:25:23.687 Ayla[4973:700202] 

Started backup to iCloud! Please be careful.
Your application might be rejected by Apple if you store too much data.
For more information please read "iOS Data Storage Guidelines" at:
https://developer.apple.com/icloud/documentation/data-storage/
To disable web storage backup to iCloud, set the BackupWebStorage preference to "local" in the Cordova config.xml file

2015-01-28 16:25:23.967 Ayla[4973:700202] Resetting plugins due to page load.
2015-01-28 16:25:24.154 Ayla[4973:700202] Finished load of: file:///Users/iramadas/Library/Developer/CoreSimulator/Devices/2BF7D127-D905-4E4B-85BE-B09D614413E0/data/Containers/Bundle/Application/D8F97215-49F1-4C0A-9F2F-6F3F01E4FA24/Ayla.app/www/app.html
2015-01-28 16:35:11.307 Ayla[5278:745226] DiskCookieStorage changing policy from 2 to 0, cookie file: file:///Users/iramadas/Library/Developer/CoreSimulator/Devices/2BF7D127-D905-4E4B-85BE-B09D614413E0/data/Containers/Data/Application/4F114B07-56BE-42A0-BA08-7441853F35F3/Library/Cookies/Cookies.binarycookies
2015-01-28 16:35:11.413 Ayla[5278:745226] Apache Cordova native platform version 3.7.0 is starting.
2015-01-28 16:35:11.414 Ayla[5278:745226] Multi-tasking -> Device: YES, App: YES
2015-01-28 16:35:11.416 Ayla[5278:745226] Unlimited access to network resources
2015-01-28 16:35:11.418 Ayla[5278:745226] 

Started backup to iCloud! Please be careful.
Your application might be rejected by Apple if you store too much data.
For more information please read "iOS Data Storage Guidelines" at:
https://developer.apple.com/icloud/documentation/data-storage/
To disable web storage backup to iCloud, set the BackupWebStorage preference to "local" in the Cordova config.xml file

2015-01-28 16:35:11.834 Ayla[5278:745226] Resetting plugins due to page load.
2015-01-28 16:35:12.004 Ayla[5278:745226] Finished load of: file:///Users/iramadas/Library/Developer/CoreSimulator/Devices/2BF7D127-D905-4E4B-85BE-B09D614413E0/data/Containers/Bundle/Application/3111BC28-F83E-4247-A13B-5AB8779CAD85/Ayla.app/www/app.html
2015-01-28 16:43:24.754 Ayla[5498:782827] DiskCookieStorage changing policy from 2 to 0, cookie file: file:///Users/iramadas/Library/Developer/CoreSimulator/Devices/2BF7D127-D905-4E4B-85BE-B09D614413E0/data/Containers/Data/Application/B06C793F-6251-4CA3-AF76-6171DB5A68B7/Library/Cookies/Cookies.binarycookies
2015-01-28 16:43:24.930 Ayla[5498:782827] Apache Cordova native platform version 3.7.0 is starting.
2015-01-28 16:43:24.931 Ayla[5498:782827] Multi-tasking -> Device: YES, App: YES
2015-01-28 16:43:24.933 Ayla[5498:782827] Unlimited access to network resources
2015-01-28 16:43:24.936 Ayla[5498:782827] 

Started backup to iCloud! Please be careful.
Your application might be rejected by Apple if you store too much data.
For more information please read "iOS Data Storage Guidelines" at:
https://developer.apple.com/icloud/documentation/data-storage/
To disable web storage backup to iCloud, set the BackupWebStorage preference to "local" in the Cordova config.xml file

2015-01-28 16:43:25.378 Ayla[5498:782827] Resetting plugins due to page load.
2015-01-28 16:43:25.562 Ayla[5498:782827] Finished load of: file:///Users/iramadas/Library/Developer/CoreSimulator/Devices/2BF7D127-D905-4E4B-85BE-B09D614413E0/data/Containers/Bundle/Application/20A3613F-9153-405F-96AA-85EE7B08C18C/Ayla.app/www/app.html
2015-01-28 17:04:42.073 Ayla[5760:853037] DiskCookieStorage changing policy from 2 to 0, cookie file: file:///Users/iramadas/Library/Developer/CoreSimulator/Devices/2BF7D127-D905-4E4B-85BE-B09D614413E0/data/Containers/Data/Application/704EF5C2-9F4D-41AB-A661-220BD626CA5A/Library/Cookies/Cookies.binarycookies
2015-01-28 17:04:42.187 Ayla[5760:853037] Apache Cordova native platform version 3.7.0 is starting.
2015-01-28 17:04:42.188 Ayla[5760:853037] Multi-tasking -> Device: YES, App: YES
2015-01-28 17:04:42.189 Ayla[5760:853037] Unlimited access to network resources
2015-01-28 17:04:42.192 Ayla[5760:853037] 

Started backup to iCloud! Please be careful.
Your application might be rejected by Apple if you store too much data.
For more information please read "iOS Data Storage Guidelines" at:
https://developer.apple.com/icloud/documentation/data-storage/
To disable web storage backup to iCloud, set the BackupWebStorage preference to "local" in the Cordova config.xml file

2015-01-28 17:04:42.486 Ayla[5760:853037] Resetting plugins due to page load.
2015-01-28 17:04:42.654 Ayla[5760:853037] Finished load of: file:///Users/iramadas/Library/Developer/CoreSimulator/Devices/2BF7D127-D905-4E4B-85BE-B09D614413E0/data/Containers/Bundle/Application/52CBB3DB-0E42-49B2-9FDF-5A23C917FF49/Ayla.app/www/app.html
2015-01-28 17:09:09.681 Ayla[5995:869246] DiskCookieStorage changing policy from 2 to 0, cookie file: file:///Users/iramadas/Library/Developer/CoreSimulator/Devices/2BF7D127-D905-4E4B-85BE-B09D614413E0/data/Containers/Data/Application/C22021EC-753D-4B45-BB84-EF68A1FA271D/Library/Cookies/Cookies.binarycookies
2015-01-28 17:09:09.797 Ayla[5995:869246] Apache Cordova native platform version 3.7.0 is starting.
2015-01-28 17:09:09.798 Ayla[5995:869246] Multi-tasking -> Device: YES, App: YES
2015-01-28 17:09:09.799 Ayla[5995:869246] Unlimited access to network resources
2015-01-28 17:09:09.802 Ayla[5995:869246] 

Started backup to iCloud! Please be careful.
Your application might be rejected by Apple if you store too much data.
For more information please read "iOS Data Storage Guidelines" at:
https://developer.apple.com/icloud/documentation/data-storage/
To disable web storage backup to iCloud, set the BackupWebStorage preference to "local" in the Cordova config.xml file

2015-01-28 17:09:10.098 Ayla[5995:869246] Resetting plugins due to page load.
2015-01-28 17:09:10.263 Ayla[5995:869246] Finished load of: file:///Users/iramadas/Library/Developer/CoreSimulator/Devices/2BF7D127-D905-4E4B-85BE-B09D614413E0/data/Containers/Bundle/Application/DD4D9F7F-ED1B-4771-9608-733B698D40E5/Ayla.app/www/app.html
2015-01-28 17:11:16.027 Ayla[6200:876337] DiskCookieStorage changing policy from 2 to 0, cookie file: file:///Users/iramadas/Library/Developer/CoreSimulator/Devices/2BF7D127-D905-4E4B-85BE-B09D614413E0/data/Containers/Data/Application/193F00EA-76F7-458D-BBAB-4DC8C8EB1BEA/Library/Cookies/Cookies.binarycookies
2015-01-28 17:11:16.143 Ayla[6200:876337] Apache Cordova native platform version 3.7.0 is starting.
2015-01-28 17:11:16.144 Ayla[6200:876337] Multi-tasking -> Device: YES, App: YES
2015-01-28 17:11:16.145 Ayla[6200:876337] Unlimited access to network resources
2015-01-28 17:11:16.150 Ayla[6200:876337] 

Started backup to iCloud! Please be careful.
Your application might be rejected by Apple if you store too much data.
For more information please read "iOS Data Storage Guidelines" at:
https://developer.apple.com/icloud/documentation/data-storage/
To disable web storage backup to iCloud, set the BackupWebStorage preference to "local" in the Cordova config.xml file

2015-01-28 17:11:16.465 Ayla[6200:876337] Resetting plugins due to page load.
2015-01-28 17:11:16.669 Ayla[6200:876337] Finished load of: file:///Users/iramadas/Library/Developer/CoreSimulator/Devices/2BF7D127-D905-4E4B-85BE-B09D614413E0/data/Containers/Bundle/Application/AB4A6DC1-CBED-4E61-9E82-1F77C93B30C2/Ayla.app/www/app.html
2015-01-28 17:12:57.229 Ayla[6413:886574] DiskCookieStorage changing policy from 2 to 0, cookie file: file:///Users/iramadas/Library/Developer/CoreSimulator/Devices/2BF7D127-D905-4E4B-85BE-B09D614413E0/data/Containers/Data/Application/77C05082-0316-4DE1-9934-DB9E86712AB6/Library/Cookies/Cookies.binarycookies
2015-01-28 17:12:57.346 Ayla[6413:886574] Apache Cordova native platform version 3.7.0 is starting.
2015-01-28 17:12:57.346 Ayla[6413:886574] Multi-tasking -> Device: YES, App: YES
2015-01-28 17:12:57.348 Ayla[6413:886574] Unlimited access to network resources
2015-01-28 17:12:57.351 Ayla[6413:886574] 

Started backup to iCloud! Please be careful.
Your application might be rejected by Apple if you store too much data.
For more information please read "iOS Data Storage Guidelines" at:
https://developer.apple.com/icloud/documentation/data-storage/
To disable web storage backup to iCloud, set the BackupWebStorage preference to "local" in the Cordova config.xml file

2015-01-28 17:12:57.639 Ayla[6413:886574] Resetting plugins due to page load.
2015-01-28 17:12:57.820 Ayla[6413:886574] Finished load of: file:///Users/iramadas/Library/Developer/CoreSimulator/Devices/2BF7D127-D905-4E4B-85BE-B09D614413E0/data/Containers/Bundle/Application/50B0AF52-899F-4F42-A3D0-94555633BAE2/Ayla.app/www/app.html
2015-01-28 17:13:37.618 Ayla[6611:890447] DiskCookieStorage changing policy from 2 to 0, cookie file: file:///Users/iramadas/Library/Developer/CoreSimulator/Devices/2BF7D127-D905-4E4B-85BE-B09D614413E0/data/Containers/Data/Application/4D2F767F-6F4F-41B7-B9CF-A999C927307B/Library/Cookies/Cookies.binarycookies
2015-01-28 17:13:37.728 Ayla[6611:890447] Apache Cordova native platform version 3.7.0 is starting.
2015-01-28 17:13:37.728 Ayla[6611:890447] Multi-tasking -> Device: YES, App: YES
2015-01-28 17:13:37.730 Ayla[6611:890447] Unlimited access to network resources
2015-01-28 17:13:37.732 Ayla[6611:890447] 

Started backup to iCloud! Please be careful.
Your application might be rejected by Apple if you store too much data.
For more information please read "iOS Data Storage Guidelines" at:
https://developer.apple.com/icloud/documentation/data-storage/
To disable web storage backup to iCloud, set the BackupWebStorage preference to "local" in the Cordova config.xml file

2015-01-28 17:13:38.010 Ayla[6611:890447] Resetting plugins due to page load.
2015-01-28 17:13:38.160 Ayla[6611:890447] Finished load of: file:///Users/iramadas/Library/Developer/CoreSimulator/Devices/2BF7D127-D905-4E4B-85BE-B09D614413E0/data/Containers/Bundle/Application/D03313F4-0D35-4A27-9B49-95AD435CDBA3/Ayla.app/www/app.html
2015-01-28 17:14:56.362 Ayla[6808:896839] DiskCookieStorage changing policy from 2 to 0, cookie file: file:///Users/iramadas/Library/Developer/CoreSimulator/Devices/2BF7D127-D905-4E4B-85BE-B09D614413E0/data/Containers/Data/Application/3194A1B1-9F95-4F55-9C73-9CBD202EB3A3/Library/Cookies/Cookies.binarycookies
2015-01-28 17:14:56.474 Ayla[6808:896839] Apache Cordova native platform version 3.7.0 is starting.
2015-01-28 17:14:56.475 Ayla[6808:896839] Multi-tasking -> Device: YES, App: YES
2015-01-28 17:14:56.476 Ayla[6808:896839] Unlimited access to network resources
2015-01-28 17:14:56.479 Ayla[6808:896839] 

Started backup to iCloud! Please be careful.
Your application might be rejected by Apple if you store too much data.
For more information please read "iOS Data Storage Guidelines" at:
https://developer.apple.com/icloud/documentation/data-storage/
To disable web storage backup to iCloud, set the BackupWebStorage preference to "local" in the Cordova config.xml file

2015-01-28 17:14:56.859 Ayla[6808:896839] Resetting plugins due to page load.
2015-01-28 17:14:57.036 Ayla[6808:896839] Finished load of: file:///Users/iramadas/Library/Developer/CoreSimulator/Devices/2BF7D127-D905-4E4B-85BE-B09D614413E0/data/Containers/Bundle/Application/01F96297-637D-474B-B6CA-FC7FDEB785B2/Ayla.app/www/app.html
2015-01-28 17:16:13.788 Ayla[7003:901848] DiskCookieStorage changing policy from 2 to 0, cookie file: file:///Users/iramadas/Library/Developer/CoreSimulator/Devices/2BF7D127-D905-4E4B-85BE-B09D614413E0/data/Containers/Data/Application/C99CBFFE-B3DF-4085-B322-A5249B8A7285/Library/Cookies/Cookies.binarycookies
2015-01-28 17:16:13.913 Ayla[7003:901848] Apache Cordova native platform version 3.7.0 is starting.
2015-01-28 17:16:13.914 Ayla[7003:901848] Multi-tasking -> Device: YES, App: YES
2015-01-28 17:16:13.916 Ayla[7003:901848] Unlimited access to network resources
2015-01-28 17:16:13.919 Ayla[7003:901848] 

Started backup to iCloud! Please be careful.
Your application might be rejected by Apple if you store too much data.
For more information please read "iOS Data Storage Guidelines" at:
https://developer.apple.com/icloud/documentation/data-storage/
To disable web storage backup to iCloud, set the BackupWebStorage preference to "local" in the Cordova config.xml file

2015-01-28 17:16:14.272 Ayla[7003:901848] Resetting plugins due to page load.
2015-01-28 17:16:14.460 Ayla[7003:901848] Finished load of: file:///Users/iramadas/Library/Developer/CoreSimulator/Devices/2BF7D127-D905-4E4B-85BE-B09D614413E0/data/Containers/Bundle/Application/3760C2F5-9213-4B0B-9343-059E70E07D69/Ayla.app/www/app.html
2015-01-28 17:22:28.533 Ayla[7239:932114] DiskCookieStorage changing policy from 2 to 0, cookie file: file:///Users/iramadas/Library/Developer/CoreSimulator/Devices/2BF7D127-D905-4E4B-85BE-B09D614413E0/data/Containers/Data/Application/2D00C299-FAA6-4731-AC60-28973590FE89/Library/Cookies/Cookies.binarycookies
2015-01-28 17:22:28.648 Ayla[7239:932114] Apache Cordova native platform version 3.7.0 is starting.
2015-01-28 17:22:28.648 Ayla[7239:932114] Multi-tasking -> Device: YES, App: YES
2015-01-28 17:22:28.650 Ayla[7239:932114] Unlimited access to network resources
2015-01-28 17:22:28.653 Ayla[7239:932114] 

Started backup to iCloud! Please be careful.
Your application might be rejected by Apple if you store too much data.
For more information please read "iOS Data Storage Guidelines" at:
https://developer.apple.com/icloud/documentation/data-storage/
To disable web storage backup to iCloud, set the BackupWebStorage preference to "local" in the Cordova config.xml file

2015-01-28 17:22:29.000 Ayla[7239:932114] Resetting plugins due to page load.
2015-01-28 17:22:29.186 Ayla[7239:932114] Finished load of: file:///Users/iramadas/Library/Developer/CoreSimulator/Devices/2BF7D127-D905-4E4B-85BE-B09D614413E0/data/Containers/Bundle/Application/B2B129FD-4C19-48A5-ADD2-EDDC820066AE/Ayla.app/www/app.html
2015-01-28 17:45:08.692 Ayla[7473:1016807] DiskCookieStorage changing policy from 2 to 0, cookie file: file:///Users/iramadas/Library/Developer/CoreSimulator/Devices/2BF7D127-D905-4E4B-85BE-B09D614413E0/data/Containers/Data/Application/F11D4359-DEA3-4B3D-942B-D4F2690C8E5B/Library/Cookies/Cookies.binarycookies
2015-01-28 17:45:08.787 Ayla[7473:1016807] Apache Cordova native platform version 3.7.0 is starting.
2015-01-28 17:45:08.787 Ayla[7473:1016807] Multi-tasking -> Device: YES, App: YES
2015-01-28 17:45:08.789 Ayla[7473:1016807] Unlimited access to network resources
2015-01-28 17:45:08.791 Ayla[7473:1016807] 

Started backup to iCloud! Please be careful.
Your application might be rejected by Apple if you store too much data.
For more information please read "iOS Data Storage Guidelines" at:
https://developer.apple.com/icloud/documentation/data-storage/
To disable web storage backup to iCloud, set the BackupWebStorage preference to "local" in the Cordova config.xml file

2015-01-28 17:45:09.104 Ayla[7473:1016807] Resetting plugins due to page load.
2015-01-28 17:45:09.262 Ayla[7473:1016807] Finished load of: file:///Users/iramadas/Library/Developer/CoreSimulator/Devices/2BF7D127-D905-4E4B-85BE-B09D614413E0/data/Containers/Bundle/Application/8C68F93A-53BD-4F83-84A0-8D1E8E92CA7D/Ayla.app/www/app.html
2015-01-28 17:48:07.591 Ayla[7674:1027333] DiskCookieStorage changing policy from 2 to 0, cookie file: file:///Users/iramadas/Library/Developer/CoreSimulator/Devices/2BF7D127-D905-4E4B-85BE-B09D614413E0/data/Containers/Data/Application/AC841760-3158-4F79-B080-CFA04F42CCFC/Library/Cookies/Cookies.binarycookies
2015-01-28 17:48:07.705 Ayla[7674:1027333] Apache Cordova native platform version 3.7.0 is starting.
2015-01-28 17:48:07.705 Ayla[7674:1027333] Multi-tasking -> Device: YES, App: YES
2015-01-28 17:48:07.707 Ayla[7674:1027333] Unlimited access to network resources
2015-01-28 17:48:07.709 Ayla[7674:1027333] 

Started backup to iCloud! Please be careful.
Your application might be rejected by Apple if you store too much data.
For more information please read "iOS Data Storage Guidelines" at:
https://developer.apple.com/icloud/documentation/data-storage/
To disable web storage backup to iCloud, set the BackupWebStorage preference to "local" in the Cordova config.xml file

2015-01-28 17:48:08.032 Ayla[7674:1027333] Resetting plugins due to page load.
2015-01-28 17:48:08.223 Ayla[7674:1027333] Finished load of: file:///Users/iramadas/Library/Developer/CoreSimulator/Devices/2BF7D127-D905-4E4B-85BE-B09D614413E0/data/Containers/Bundle/Application/5548BAC9-ED80-4232-B61C-CF61DE2A6C37/Ayla.app/www/app.html
2015-01-28 17:49:13.339 Ayla[7876:1033112] DiskCookieStorage changing policy from 2 to 0, cookie file: file:///Users/iramadas/Library/Developer/CoreSimulator/Devices/2BF7D127-D905-4E4B-85BE-B09D614413E0/data/Containers/Data/Application/B71583C3-2AD4-4EE6-86E7-B23185E17954/Library/Cookies/Cookies.binarycookies
2015-01-28 17:49:13.450 Ayla[7876:1033112] Apache Cordova native platform version 3.7.0 is starting.
2015-01-28 17:49:13.451 Ayla[7876:1033112] Multi-tasking -> Device: YES, App: YES
2015-01-28 17:49:13.453 Ayla[7876:1033112] Unlimited access to network resources
2015-01-28 17:49:13.456 Ayla[7876:1033112] 

Started backup to iCloud! Please be careful.
Your application might be rejected by Apple if you store too much data.
For more information please read "iOS Data Storage Guidelines" at:
https://developer.apple.com/icloud/documentation/data-storage/
To disable web storage backup to iCloud, set the BackupWebStorage preference to "local" in the Cordova config.xml file

2015-01-28 17:49:13.807 Ayla[7876:1033112] Resetting plugins due to page load.
2015-01-28 17:49:13.954 Ayla[7876:1033112] Finished load of: file:///Users/iramadas/Library/Developer/CoreSimulator/Devices/2BF7D127-D905-4E4B-85BE-B09D614413E0/data/Containers/Bundle/Application/B149FFF4-0761-426B-9A18-EE4211F2DDE1/Ayla.app/www/app.html
2015-01-28 17:49:57.895 Ayla[8071:1035114] DiskCookieStorage changing policy from 2 to 0, cookie file: file:///Users/iramadas/Library/Developer/CoreSimulator/Devices/2BF7D127-D905-4E4B-85BE-B09D614413E0/data/Containers/Data/Application/BB254111-52E7-4740-9372-315C04E2CB60/Library/Cookies/Cookies.binarycookies
2015-01-28 17:49:58.003 Ayla[8071:1035114] Apache Cordova native platform version 3.7.0 is starting.
2015-01-28 17:49:58.003 Ayla[8071:1035114] Multi-tasking -> Device: YES, App: YES
2015-01-28 17:49:58.005 Ayla[8071:1035114] Unlimited access to network resources
2015-01-28 17:49:58.008 Ayla[8071:1035114] 

Started backup to iCloud! Please be careful.
Your application might be rejected by Apple if you store too much data.
For more information please read "iOS Data Storage Guidelines" at:
https://developer.apple.com/icloud/documentation/data-storage/
To disable web storage backup to iCloud, set the BackupWebStorage preference to "local" in the Cordova config.xml file

2015-01-28 17:49:58.331 Ayla[8071:1035114] Resetting plugins due to page load.
2015-01-28 17:49:58.490 Ayla[8071:1035114] Finished load of: file:///Users/iramadas/Library/Developer/CoreSimulator/Devices/2BF7D127-D905-4E4B-85BE-B09D614413E0/data/Containers/Bundle/Application/29702699-B1F8-4F58-BC1E-FBC018BB9A58/Ayla.app/www/app.html
2015-01-28 17:51:25.539 Ayla[8276:1041543] DiskCookieStorage changing policy from 2 to 0, cookie file: file:///Users/iramadas/Library/Developer/CoreSimulator/Devices/2BF7D127-D905-4E4B-85BE-B09D614413E0/data/Containers/Data/Application/481F5B72-CC0F-43D6-A0FC-23E1E1E57FE6/Library/Cookies/Cookies.binarycookies
2015-01-28 17:51:25.661 Ayla[8276:1041543] Apache Cordova native platform version 3.7.0 is starting.
2015-01-28 17:51:25.662 Ayla[8276:1041543] Multi-tasking -> Device: YES, App: YES
2015-01-28 17:51:25.664 Ayla[8276:1041543] Unlimited access to network resources
2015-01-28 17:51:25.666 Ayla[8276:1041543] 

Started backup to iCloud! Please be careful.
Your application might be rejected by Apple if you store too much data.
For more information please read "iOS Data Storage Guidelines" at:
https://developer.apple.com/icloud/documentation/data-storage/
To disable web storage backup to iCloud, set the BackupWebStorage preference to "local" in the Cordova config.xml file

2015-01-28 17:51:26.108 Ayla[8276:1041543] Resetting plugins due to page load.
2015-01-28 17:51:26.271 Ayla[8276:1041543] Finished load of: file:///Users/iramadas/Library/Developer/CoreSimulator/Devices/2BF7D127-D905-4E4B-85BE-B09D614413E0/data/Containers/Bundle/Application/5E264F20-846C-4692-BF85-834F7204F9C0/Ayla.app/www/app.html
2015-01-28 17:52:17.815 Ayla[8473:1046503] DiskCookieStorage changing policy from 2 to 0, cookie file: file:///Users/iramadas/Library/Developer/CoreSimulator/Devices/2BF7D127-D905-4E4B-85BE-B09D614413E0/data/Containers/Data/Application/94F20637-E82D-4F68-AD2D-A9650CFF60EB/Library/Cookies/Cookies.binarycookies
2015-01-28 17:52:17.927 Ayla[8473:1046503] Apache Cordova native platform version 3.7.0 is starting.
2015-01-28 17:52:17.927 Ayla[8473:1046503] Multi-tasking -> Device: YES, App: YES
2015-01-28 17:52:17.929 Ayla[8473:1046503] Unlimited access to network resources
2015-01-28 17:52:17.932 Ayla[8473:1046503] 

Started backup to iCloud! Please be careful.
Your application might be rejected by Apple if you store too much data.
For more information please read "iOS Data Storage Guidelines" at:
https://developer.apple.com/icloud/documentation/data-storage/
To disable web storage backup to iCloud, set the BackupWebStorage preference to "local" in the Cordova config.xml file

2015-01-28 17:52:18.272 Ayla[8473:1046503] Resetting plugins due to page load.
2015-01-28 17:52:18.432 Ayla[8473:1046503] Finished load of: file:///Users/iramadas/Library/Developer/CoreSimulator/Devices/2BF7D127-D905-4E4B-85BE-B09D614413E0/data/Containers/Bundle/Application/BAF6EB19-1678-4399-87AC-9D12CA974B3D/Ayla.app/www/app.html
2015-01-28 18:18:04.099 Ayla[8772:1126392] DiskCookieStorage changing policy from 2 to 0, cookie file: file:///Users/iramadas/Library/Developer/CoreSimulator/Devices/2BF7D127-D905-4E4B-85BE-B09D614413E0/data/Containers/Data/Application/608121A2-8BB3-4227-A902-5325BE29A2E7/Library/Cookies/Cookies.binarycookies
2015-01-28 18:18:04.190 Ayla[8772:1126392] Apache Cordova native platform version 3.7.0 is starting.
2015-01-28 18:18:04.191 Ayla[8772:1126392] Multi-tasking -> Device: YES, App: YES
2015-01-28 18:18:04.192 Ayla[8772:1126392] Unlimited access to network resources
2015-01-28 18:18:04.194 Ayla[8772:1126392] 

Started backup to iCloud! Please be careful.
Your application might be rejected by Apple if you store too much data.
For more information please read "iOS Data Storage Guidelines" at:
https://developer.apple.com/icloud/documentation/data-storage/
To disable web storage backup to iCloud, set the BackupWebStorage preference to "local" in the Cordova config.xml file

2015-01-28 18:18:04.504 Ayla[8772:1126392] Resetting plugins due to page load.
2015-01-28 18:18:04.752 Ayla[8772:1126392] Finished load of: file:///Users/iramadas/Library/Developer/CoreSimulator/Devices/2BF7D127-D905-4E4B-85BE-B09D614413E0/data/Containers/Bundle/Application/96D7F1F7-73B9-4089-A8F5-EEEF856BEA38/Ayla.app/www/app.html
2015-01-29 12:01:41.956 Ayla[3182:196794] DiskCookieStorage changing policy from 2 to 0, cookie file: file:///Users/iramadas/Library/Developer/CoreSimulator/Devices/2BF7D127-D905-4E4B-85BE-B09D614413E0/data/Containers/Data/Application/D4C59968-7B82-40ED-ADC9-757D8E128B96/Library/Cookies/Cookies.binarycookies
2015-01-29 12:01:42.193 Ayla[3182:196794] Apache Cordova native platform version 3.7.0 is starting.
2015-01-29 12:01:42.194 Ayla[3182:196794] Multi-tasking -> Device: YES, App: YES
2015-01-29 12:01:42.206 Ayla[3182:196794] Unlimited access to network resources
2015-01-29 12:01:42.216 Ayla[3182:196794] 

Started backup to iCloud! Please be careful.
Your application might be rejected by Apple if you store too much data.
For more information please read "iOS Data Storage Guidelines" at:
https://developer.apple.com/icloud/documentation/data-storage/
To disable web storage backup to iCloud, set the BackupWebStorage preference to "local" in the Cordova config.xml file

2015-01-29 12:01:42.917 Ayla[3182:196794] Resetting plugins due to page load.
2015-01-29 12:01:43.273 Ayla[3182:196794] Finished load of: file:///Users/iramadas/Library/Developer/CoreSimulator/Devices/2BF7D127-D905-4E4B-85BE-B09D614413E0/data/Containers/Bundle/Application/71814FDF-A7C1-43B6-84D3-12F25C17657F/Ayla.app/www/app.html
2015-01-30 17:56:27.575 Ayla[1750:779237] DiskCookieStorage changing policy from 2 to 0, cookie file: file:///Users/iramadas/Library/Developer/CoreSimulator/Devices/2BF7D127-D905-4E4B-85BE-B09D614413E0/data/Containers/Data/Application/3D9ABC49-5812-4C30-84CB-3A3AFA4CB7B0/Library/Cookies/Cookies.binarycookies
2015-01-30 17:56:27.840 Ayla[1750:779237] Apache Cordova native platform version 3.7.0 is starting.
2015-01-30 17:56:27.840 Ayla[1750:779237] Multi-tasking -> Device: YES, App: YES
2015-01-30 17:56:27.859 Ayla[1750:779237] Unlimited access to network resources
2015-01-30 17:56:27.870 Ayla[1750:779237] 

Started backup to iCloud! Please be careful.
Your application might be rejected by Apple if you store too much data.
For more information please read "iOS Data Storage Guidelines" at:
https://developer.apple.com/icloud/documentation/data-storage/
To disable web storage backup to iCloud, set the BackupWebStorage preference to "local" in the Cordova config.xml file

2015-01-30 17:56:28.623 Ayla[1750:779237] Resetting plugins due to page load.
2015-01-30 17:56:29.017 Ayla[1750:779237] Finished load of: file:///Users/iramadas/Library/Developer/CoreSimulator/Devices/2BF7D127-D905-4E4B-85BE-B09D614413E0/data/Containers/Bundle/Application/AF6A15F1-6923-4DA9-99FB-34D21B37FC59/Ayla.app/www/app.html
